<?xml version="1.0" encoding="UTF-8"?>
<!-- Generated by org.testng.reporters.JUnitReportReporter -->
<testsuite hostname="Hong-Van.local" name="com.knorex.application.UserManagement" tests="1" failures="0" timestamp="7 Jan 2016 10:51:03 GMT" time="37.953" errors="0">
  <testcase name="create_internal_user" time="37.953" classname="com.knorex.application.UserManagement"/>
</testsuite> <!-- com.knorex.application.UserManagement -->
